{
  "stats": {
    "suites": 1,
    "tests": 1,
    "passes": 1,
    "pending": 0,
    "failures": 0,
    "start": "2024-01-07T10:10:51.828Z",
    "end": "2024-01-07T10:10:58.682Z",
    "duration": 6854,
    "testsRegistered": 1,
    "passPercent": 100,
    "pendingPercent": 0,
    "other": 0,
    "hasOther": false,
    "skipped": 0,
    "hasSkipped": false
  },
  "results": [
    {
      "uuid": "6326db7a-ddde-4aaf-b4e4-8fc858c3b579",
      "title": "",
      "fullFile": "cypress\\e2e\\test\\ToolTip.cy.js",
      "file": "cypress\\e2e\\test\\ToolTip.cy.js",
      "beforeHooks": [],
      "afterHooks": [],
      "tests": [],
      "suites": [
        {
          "uuid": "15d32a70-4827-45c7-b72d-a6072aea4956",
          "title": "Tooltip",
          "fullFile": "",
          "file": "",
          "beforeHooks": [],
          "afterHooks": [],
          "tests": [
            {
              "title": "TC1 tooltip",
              "fullTitle": "Tooltip TC1 tooltip",
              "timedOut": null,
              "duration": 4914,
              "state": "passed",
              "speed": "fast",
              "pass": true,
              "fail": false,
              "pending": false,
              "context": null,
              "code": "cy.visit('https://demoqa.com/tool-tips');\ncy.get('#toolTipButton').trigger('mouseover');\ncy.get('.tooltip').should('be.visible').contains('You hovered');",
              "err": {},
              "uuid": "a0e9daba-8059-41c1-a068-3036bc642ba0",
              "parentUUID": "15d32a70-4827-45c7-b72d-a6072aea4956",
              "isHook": false,
              "skipped": false
            }
          ],
          "suites": [],
          "passes": [
            "a0e9daba-8059-41c1-a068-3036bc642ba0"
          ],
          "failures": [],
          "pending": [],
          "skipped": [],
          "duration": 4914,
          "root": false,
          "rootEmpty": false,
          "_timeout": 2000
        }
      ],
      "passes": [],
      "failures": [],
      "pending": [],
      "skipped": [],
      "duration": 0,
      "root": true,
      "rootEmpty": true,
      "_timeout": 2000
    }
  ],
  "meta": {
    "mocha": {
      "version": "7.0.1"
    },
    "mochawesome": {
      "options": {
        "quiet": false,
        "reportFilename": "mochawesome",
        "saveHtml": true,
        "saveJson": true,
        "consoleReporter": "spec",
        "useInlineDiffs": false,
        "code": true
      },
      "version": "7.1.3"
    },
    "marge": {
      "options": null,
      "version": "6.2.0"
    }
  }
}